920480408021725185	twitter_handle=OdysseanProject	name=Odyssean Project	twitter_id=920480408021725185	party=na
1178622443814084608	twitter_handle=CMO_England	name=CMO England	twitter_id=1178622443814084608	party=na
264124770	twitter_handle=uksciencechief	name=UK Sciencechief	twitter_id=264124770	party=na
14113766	twitter_handle=neil_ferguson	name=Neil Ferguson	twitter_id=14113766	party=na
17481977	twitter_handle=GOVUK	name=GOVUK	twitter_id=17481977	party=na
1577442662	twitter_handle=NCA_UK	name=NCA UK	twitter_id=1577442662	party=na
771031567443591168	twitter_handle=DExEUgov	name=D Ex EU Gov	twitter_id=771031567443591168	party=na
950249762	twitter_handle=HouseofCommons	name=House of Commons	twitter_id=950249762	party=na
348974190	twitter_handle=UKHouseofLords	name=UK House of Lords	twitter_id=348974190	party=na
2687397361	twitter_handle=Govt_Equality	name=Govt Equality	twitter_id=2687397361	party=na
80606026	twitter_handle=UKCivilService	name=UK Civil Service	twitter_id=80606026	party=na
166144866	twitter_handle=UKGovWales	name=UK Gov Wales	twitter_id=166144866	party=na
352946007	twitter_handle=UKGovScotland	name=UK Gov Scotland	twitter_id=352946007	party=na
620791139	twitter_handle=attorneygeneral	name=Attorneygeneral	twitter_id=620791139	party=na
2343744523	twitter_handle=GEOgovuk	name=GEO Gov UK	twitter_id=2343744523	party=na
23051538	twitter_handle=The_IPO	name=The IPO	twitter_id=23051538	party=na
41822696	twitter_handle=PHE_uk	name=PHE UK	twitter_id=41822696	party=na
10215212	twitter_handle=NHSuk	name=NHSUK	twitter_id=10215212	party=na
1186967001765466112	twitter_handle=NetZeroUK	name=Net Zero UK	twitter_id=1186967001765466112	party=na
1128318851735859200	twitter_handle=CommonsLiaison	name=Commons Liaison	twitter_id=1128318851735859200	party=na
1037732964279431169	twitter_handle=LordSpeaker	name=Lord Speaker	twitter_id=1037732964279431169	party=na
1004408408991305730	twitter_handle=CommonsESIC	name=Commons ESIC	twitter_id=1004408408991305730	party=na
976055334	twitter_handle=CommonsTreasury	name=Commons Treasury	twitter_id=976055334	party=na
826826503614844929	twitter_handle=JointCtteNSS	name=Joint Ctte NSS	twitter_id=826826503614844929	party=na
14431752	twitter_handle=tradegovuk	name=Trade Gov UK	twitter_id=14431752	party=na
787957858512044032	twitter_handle=CommonsIntTrade	name=Commons Int Trade	twitter_id=787957858512044032	party=na
786130084637790208	twitter_handle=CommonsFREU	name=Commons FREU	twitter_id=786130084637790208	party=na
718057056125771777	twitter_handle=HoCPress	name=House of Commons Press	twitter_id=718057056125771777	party=na
267121982	twitter_handle=appgsport	name=Appgsport	twitter_id=267121982	party=na
2543220949	twitter_handle=UKParliData	name=UK Parli Data	twitter_id=2543220949	party=na
3342596050	twitter_handle=HoCpetitions	name=House of Commons Petitions	twitter_id=3342596050	party=na
3346442313	twitter_handle=CommonsLeader	name=Commons Leader	twitter_id=3346442313	party=na
552757240	twitter_handle=ipsaUK	name=Ipsa UK	twitter_id=552757240	party=na
1002084811	twitter_handle=CommonsDCMS	name=Commons DCMS	twitter_id=1002084811	party=na
993359215	twitter_handle=CommonsWelshAff	name=Commons Welsh Aff	twitter_id=993359215	party=na
479614275	twitter_handle=CommonsECC	name=Commons ECC	twitter_id=479614275	party=na
976278979	twitter_handle=CommonsBEIS	name=Commons BEIS	twitter_id=976278979	party=na
976047235	twitter_handle=CommonsNIAC	name=Commons NIAC	twitter_id=976047235	party=na
614358228	twitter_handle=NIOgov	name=NIO Gov	twitter_id=614358228	party=na
2414683454	twitter_handle=HS2Parliament	name=HS2 Parliament	twitter_id=2414683454	party=na
43001521	twitter_handle=ElectoralCommUK	name=Electoral Comm UK	twitter_id=43001521	party=na
274569960	twitter_handle=DWP	name=DWP	twitter_id=274569960	party=na
2372163481	twitter_handle=digidemocracyuk	name=Digidemocracy UK	twitter_id=2372163481	party=na
14844466	twitter_handle=niassembly	name=Niassembly	twitter_id=14844466	party=na
29462762	twitter_handle=AssemblyWales	name=Assembly Wales	twitter_id=29462762	party=na
20542170	twitter_handle=ScotParl	name=Scot Parl	twitter_id=20542170	party=na
976497662	twitter_handle=HumanRightsCtte	name=Human Rights Ctte	twitter_id=976497662	party=na
976598653	twitter_handle=CommonsEAC	name=Commons EAC	twitter_id=976598653	party=na
978059701	twitter_handle=CommonsScotAffs	name=Commons Scot Affs	twitter_id=978059701	party=na
1001807802	twitter_handle=CommonsIDC	name=Commons IDC	twitter_id=1001807802	party=na
980612994	twitter_handle=MinisterDisPpl	name=Minister Dis Ppl	twitter_id=980612994	party=na
988974846	twitter_handle=CommonsSTC	name=Commons STC	twitter_id=988974846	party=na
976057988	twitter_handle=CommonsForeign	name=Commons Foreign	twitter_id=976057988	party=na
978160837	twitter_handle=CommonsEFRA	name=Commons EFRA	twitter_id=978160837	party=na
976111843	twitter_handle=CommonsHCLG	name=Commons HCLG	twitter_id=976111843	party=na
976273940	twitter_handle=CommonsHomeAffs	name=Commons Home Affs	twitter_id=976273940	party=na
976131900	twitter_handle=CommonsHealth	name=Commons Health	twitter_id=976131900	party=na
944132208	twitter_handle=CommonsTrans	name=Commons Trans	twitter_id=944132208	party=na
400896038	twitter_handle=CommonsPACAC	name=Commons PACAC	twitter_id=400896038	party=na
978677004	twitter_handle=CommonsWorkPen	name=Commons Work Pen	twitter_id=978677004	party=na
976629355	twitter_handle=CommonsJustice	name=Commons Justice	twitter_id=976629355	party=na
987018980	twitter_handle=CommonsEd	name=Commons Ed	twitter_id=987018980	party=na
143039548	twitter_handle=educationgovuk	name=Education Gov UK	twitter_id=143039548	party=na
46358463	twitter_handle=transportgovuk	name=Transport Gov UK	twitter_id=46358463	party=na
138037459	twitter_handle=ukhomeoffice	name=UK Home office	twitter_id=138037459	party=na
15340496	twitter_handle=mhclg	name=Mhclg	twitter_id=15340496	party=na
50069007	twitter_handle=DefraGovUK	name=Defra Gov UK	twitter_id=50069007	party=na
19915362	twitter_handle=DFID_UK	name=DFID UK	twitter_id=19915362	party=na
986487872	twitter_handle=CommonsPAC	name=Commons PAC	twitter_id=986487872	party=na
986723617	twitter_handle=CommonsDefence	name=Commons Defence	twitter_id=986723617	party=na
347146152	twitter_handle=UKParlArchives	name=UK Parl Archives	twitter_id=347146152	party=na
199222460	twitter_handle=UKParlEducation	name=UK Parl Education	twitter_id=199222460	party=na
6467332	twitter_handle=UKParliament	name=UK Parliament	twitter_id=6467332	party=na
1133995448	twitter_handle=CommonsBBCom	name=Commons BB Com	twitter_id=1133995448	party=na
424127411	twitter_handle=Number10press	name=Number10Press	twitter_id=424127411	party=na
40015678	twitter_handle=MoJGovUK	name=Mo J Gov UK	twitter_id=40015678	party=na
382527632	twitter_handle=dwppressoffice	name=Dwppress office	twitter_id=382527632	party=na
18448883	twitter_handle=DCMS	name=DCMS	twitter_id=18448883	party=na
41077970	twitter_handle=DECCgovuk	name=DECC Gov UK	twitter_id=41077970	party=na
45205091	twitter_handle=beisgovuk	name=Beis Gov UK	twitter_id=45205091	party=na
37963496	twitter_handle=DHSCgovuk	name=DHSC Gov UK	twitter_id=37963496	party=na
16133530	twitter_handle=DefenceHQ	name=Defence HQ	twitter_id=16133530	party=na
14353202	twitter_handle=foreignoffice	name=Foreign office	twitter_id=14353202	party=na
18904582	twitter_handle=hmtreasury	name=Hmtreasury	twitter_id=18904582	party=na
36042554	twitter_handle=RoyalFamily	name=Royal Family	twitter_id=36042554	party=na
143478208	twitter_handle=cabinetofficeuk	name=Cabinet office UK	twitter_id=143478208	party=na
14224719	twitter_handle=10DowningStreet	name=10 Downing Street	twitter_id=14224719	party=na
22506791	twitter_handle=POST_UK	name=POST UK	twitter_id=22506791	party=na
3842834481	twitter_handle=DrChrisL	name=Dr Chris L	twitter_id=3842834481	party=na
1926904148	twitter_handle=ukmedschools	name=UK Medschools	twitter_id=1926904148	party=na
1653209479	twitter_handle=CMOWales	name=CMO Wales	twitter_id=1653209479	party=na
492996846	twitter_handle=gmcuk	name=Gmc UK	twitter_id=492996846	party=na
